#include <bits/stdc++.h>
#include <ext/pb_ds/assoc_container.hpp>
#include <ext/pb_ds/tree_policy.hpp>

using namespace std;
using namespace __gnu_pbds;

int main()
{
    ios_base::sync_with_stdio(false);
    cin.tie(NULL);
    cout.tie(NULL);

    set <int> s;

    int n, x;
    cin >> n;

    while (n--) {
        cin >> x;
        s.insert(x);
    }

    for (auto i : s)
        cout << i << ' ';
    
    cout << endl;

    auto it = next(s.begin(), 5); // 5th index (0 bases)
    cout << *it << endl;
        
    return 0;
}


/*

Input
10
5 4 6 3 1 9 9 7 8 5

Output
1 3 4 5 6 7 8 9 
7

*/